Arguments: 
  /Users/yj/.nvm/versions/node/v8.11.1/bin/node /Users/yj/.yarn/bin/yarn.js add @aragon/web @aragon/ui react react-dom styled-components babel-transform-object-rest-spread

PATH: 
  /Users/yj/.yarn/bin:/Users/yj/.config/yarn/global/node_modules/.bin:/Users/yj/Library/Android/sdk/platform-tools:/Users/yj/.cargo/bin:/Users/yj/.nvm/versions/node/v8.11.1/bin:/bin:/sbin:/usr/bin:/usr/local/sbin:/usr/local/bin:/Library/Frameworks/Python.framework/Versions/3.6/bin:/usr/local/bin:/usr/bin:/bin:/usr/sbin:/sbin:/Library/TeX/texbin:/usr/local/anaconda3/bin

Yarn version: 
  1.9.4

Node version: 
  8.11.1

Platform: 
  darwin x64

Trace: 
  Error: https://registry.yarnpkg.com/babel-transform-object-rest-spread: Not found
      at Request.params.callback [as _callback] (/Users/yj/.yarn/lib/cli.js:64202:18)
      at Request.self.callback (/Users/yj/.yarn/lib/cli.js:137468:22)
      at emitTwo (events.js:126:13)
      at Request.emit (events.js:214:7)
      at Request.<anonymous> (/Users/yj/.yarn/lib/cli.js:138440:10)
      at emitOne (events.js:116:13)
      at Request.emit (events.js:211:7)
      at IncomingMessage.<anonymous> (/Users/yj/.yarn/lib/cli.js:138362:12)
      at Object.onceWrapper (events.js:313:30)
      at emitNone (events.js:111:20)

npm manifest: 
  {
    "name": "app",
    "version": "0.1.0",
    "private": true,
    "dependencies": {
      "@aragon/ui": "^0.19.0",
      "@aragon/web": "^0.2.0",
      "react": "^16.5.2",
      "react-dom": "^16.5.2",
      "react-scripts": "2.0.4",
      "styled-components": "^3.4.9"
    },
    "scripts": {
      "start": "react-scripts start",
      "build": "react-scripts build",
      "test": "react-scripts test",
      "eject": "react-scripts eject"
    },
    "eslintConfig": {
      "extends": "react-app"
    },
    "browserslist": [
      ">0.2%",
      "not dead",
      "not ie <= 11",
      "not op_mini all"
    ]
  }

yarn manifest: 
  No manifest

Lockfile: 
  No lockfile
